<?xml version="1.0" encoding="UTF-8"?>
<!-- Generated by org.testng.reporters.JUnitReportReporter -->
<testsuite hostname="QT-INBG-LT0306" failures="0" tests="8" name="HP" time="33.978" errors="0" timestamp="2022-09-20T12:44:02 IST" skipped="0">
  <testcase classname="HP" name="homep5" time="4.016"/>
  <system-out/>
  <testcase classname="HP" name="homep7" time="3.956"/>
  <system-out/>
  <testcase classname="HP" name="homep2" time="5.911"/>
  <system-out/>
  <testcase classname="HP" name="homep1" time="4.379"/>
  <system-out/>
  <testcase classname="HP" name="homep6" time="4.010"/>
  <system-out/>
  <testcase classname="HP" name="homep3" time="3.890"/>
  <system-out/>
  <testcase classname="HP" name="homep4" time="3.906"/>
  <system-out/>
  <testcase classname="HP" name="homep8" time="3.910"/>
  <system-out/>
</testsuite> <!-- HP -->
