<?xml version="1.0" encoding="UTF-8"?>
<!-- Generated by org.testng.reporters.JUnitReportReporter -->
<testsuite hostname="QT-INBG-LT0306" failures="0" tests="4" name="SI" time="23.547" errors="0" timestamp="2022-09-20T12:44:02 IST" skipped="0">
  <testcase classname="SI" name="signIn4" time="5.365"/>
  <system-out/>
  <testcase classname="SI" name="signIn2" time="6.393"/>
  <system-out/>
  <testcase classname="SI" name="signIn" time="6.557"/>
  <system-out/>
  <testcase classname="SI" name="signIn3" time="5.232"/>
  <system-out/>
</testsuite> <!-- SI -->
